SF:lib\services\authentificationService.dart
DA:31,1
DA:41,0
DA:43,0
DA:45,0
DA:46,0
DA:47,0
DA:49,0
DA:50,0
DA:59,0
DA:61,0
DA:64,0
DA:65,0
DA:68,0
DA:69,0
DA:76,0
DA:77,0
DA:84,1
DA:85,2
DA:86,1
DA:87,0
DA:88,0
DA:89,0
DA:90,0
DA:91,0
DA:92,2
DA:93,0
DA:94,0
DA:97,1
DA:98,2
LF:29
LH:7
end_of_record
SF:lib\boxes.dart
DA:4,0
DA:7,0
DA:10,1
DA:13,0
LF:4
LH:1
end_of_record
SF:lib\data\notesDatabase.dart
DA:16,0
DA:17,0
DA:19,0
DA:20,0
DA:24,0
DA:25,0
LF:6
LH:0
end_of_record
SF:lib\model\myTreeNode.g.dart
DA:13,0
DA:15,0
DA:16,0
DA:17,0
DA:19,0
DA:20,0
DA:21,0
DA:22,0
DA:23,0
DA:27,0
DA:30,0
DA:31,0
DA:32,0
DA:33,0
DA:34,0
DA:35,0
DA:36,0
DA:37,0
DA:38,0
DA:41,0
DA:42,0
DA:44,0
DA:47,0
DA:48,0
DA:49,0
LF:25
LH:0
end_of_record
SF:lib\model\myTreeNode.dart
DA:24,1
DA:29,1
DA:32,1
DA:33,2
DA:34,2
DA:36,2
DA:40,0
DA:41,0
DA:42,0
DA:43,0
DA:44,0
DA:45,0
DA:49,0
DA:50,0
DA:51,0
DA:52,0
DA:53,0
DA:54,0
DA:55,0
DA:56,0
DA:61,0
DA:63,0
LF:22
LH:6
end_of_record
SF:lib\services\firebaseService.dart
DA:14,0
DA:16,0
DA:17,0
DA:21,0
DA:22,0
DA:23,0
DA:24,0
DA:25,0
DA:26,0
DA:27,0
DA:31,0
DA:32,0
DA:33,0
DA:34,0
DA:35,0
DA:40,0
DA:41,0
DA:42,0
DA:43,0
DA:44,0
DA:48,0
DA:49,0
DA:52,0
DA:53,0
DA:55,0
DA:56,0
DA:57,0
DA:59,0
DA:63,0
DA:70,0
DA:71,0
DA:72,0
DA:73,0
DA:78,0
DA:79,0
DA:80,0
DA:81,0
DA:82,0
DA:83,0
DA:84,0
DA:85,0
DA:86,0
DA:90,0
DA:91,0
DA:92,0
DA:93,0
DA:95,0
DA:96,0
DA:97,0
DA:98,0
DA:99,0
DA:107,0
DA:108,0
DA:109,0
DA:111,0
DA:113,0
DA:114,0
LF:57
LH:0
end_of_record
SF:lib\data\hierarchyDatabase.dart
DA:11,1
DA:14,0
DA:15,0
DA:16,0
DA:20,0
DA:21,0
DA:22,0
DA:25,0
DA:27,0
DA:32,0
DA:33,0
DA:34,0
DA:36,0
LF:13
LH:1
end_of_record
SF:lib\services\nodeService.dart
DA:12,1
DA:15,0
DA:16,1
DA:19,0
DA:21,0
DA:22,0
DA:25,0
DA:26,0
DA:28,0
DA:29,0
DA:33,0
DA:34,0
DA:36,0
DA:38,0
DA:41,0
DA:42,0
DA:43,0
DA:44,0
DA:46,0
DA:47,0
DA:48,0
DA:50,0
DA:56,0
DA:57,0
DA:59,0
DA:62,0
DA:63,0
DA:66,0
DA:67,0
DA:73,0
DA:74,0
DA:78,0
DA:79,0
DA:80,0
DA:81,0
DA:82,0
DA:83,0
DA:84,0
DA:86,0
DA:87,0
DA:89,0
DA:94,0
DA:95,0
DA:96,0
DA:98,0
DA:99,0
DA:100,0
DA:101,0
DA:104,0
DA:106,0
DA:107,0
DA:108,0
DA:111,0
DA:112,0
DA:118,0
DA:119,0
DA:120,0
DA:122,0
DA:123,0
DA:124,0
DA:127,0
DA:129,0
DA:130,0
DA:131,0
DA:134,0
DA:135,0
DA:141,1
DA:142,2
DA:143,1
DA:150,0
DA:151,0
DA:152,0
DA:156,0
DA:157,0
DA:158,0
DA:159,0
DA:167,0
DA:168,0
DA:169,0
DA:170,0
DA:172,0
DA:173,0
DA:174,0
DA:178,1
DA:179,1
DA:181,4
DA:182,3
DA:184,2
DA:188,1
DA:189,1
DA:190,3
DA:191,2
DA:194,1
DA:195,1
DA:197,4
DA:198,3
DA:203,0
DA:204,0
DA:205,0
DA:206,0
DA:211,1
DA:212,1
DA:213,2
DA:215,2
DA:216,1
DA:220,0
DA:221,0
DA:222,0
DA:223,0
DA:225,0
DA:230,1
DA:231,2
DA:232,2
LF:113
LH:26
end_of_record
SF:lib\data\userDatabase.dart
DA:12,0
DA:13,0
DA:19,1
DA:20,2
DA:21,1
LF:5
LH:3
end_of_record
SF:lib\components\dialogs\deleteDialog.dart
DA:55,1
DA:63,1
DA:65,1
DA:72,2
DA:73,2
DA:74,1
DA:75,1
DA:76,1
DA:77,2
DA:78,3
DA:80,1
DA:81,1
DA:82,2
DA:83,3
LF:14
LH:14
end_of_record
SF:lib\components\componentUtils.dart
DA:22,0
DA:23,0
DA:25,0
DA:37,0
DA:38,0
DA:45,0
DA:46,0
DA:53,0
DA:54,0
DA:62,0
DA:63,0
DA:64,0
DA:65,0
DA:66,0
DA:80,0
DA:87,1
DA:88,1
DA:89,1
DA:90,1
DA:91,1
LF:20
LH:5
end_of_record
SF:lib\components\myButton.dart
DA:15,1
DA:18,1
DA:20,1
DA:21,1
DA:22,1
DA:24,1
DA:25,2
DA:26,1
DA:28,1
DA:29,1
DA:30,1
LF:11
LH:11
end_of_record
SF:lib\components\myTextField.dart
DA:22,1
DA:28,1
DA:30,1
DA:31,1
DA:39,1
DA:40,2
DA:41,2
DA:46,1
DA:48,1
DA:49,2
DA:50,3
DA:52,1
DA:53,2
DA:54,2
DA:55,1
DA:56,1
DA:57,1
DA:62,2
LF:18
LH:18
end_of_record
